0 info it worked if it ends with ok
1 verbose cli [ '/usr/bin/nodejs', '/usr/bin/npm', 'i', '-g', 'bower' ]
2 info using npm@1.4.21
3 info using node@v0.10.29
4 verbose cache add [ 'bower', null ]
5 verbose cache add name=undefined spec="bower" args=["bower",null]
6 verbose parsed url { protocol: null,
6 verbose parsed url   slashes: null,
6 verbose parsed url   auth: null,
6 verbose parsed url   host: null,
6 verbose parsed url   port: null,
6 verbose parsed url   hostname: null,
6 verbose parsed url   hash: null,
6 verbose parsed url   search: null,
6 verbose parsed url   query: null,
6 verbose parsed url   pathname: 'bower',
6 verbose parsed url   path: 'bower',
6 verbose parsed url   href: 'bower' }
7 silly lockFile 206e3ce5-bower bower
8 verbose lock bower /home/cs2developer/.npm/206e3ce5-bower.lock
9 silly lockFile 206e3ce5-bower bower
10 silly lockFile 206e3ce5-bower bower
11 verbose addNamed [ 'bower', '' ]
12 verbose addNamed [ null, '*' ]
13 silly lockFile 1240aab1-bower bower@
14 verbose lock bower@ /home/cs2developer/.npm/1240aab1-bower.lock
15 silly addNameRange { name: 'bower', range: '*', hasData: false }
16 verbose request where is /bower
17 verbose request registry https://registry.npmjs.org/
18 verbose request id 3a294e9dcf19d3e8
19 verbose url raw /bower
20 verbose url resolving [ 'https://registry.npmjs.org/', './bower' ]
21 verbose url resolved https://registry.npmjs.org/bower
22 verbose request where is https://registry.npmjs.org/bower
23 info trying registry request attempt 1 at 11:04:09
24 verbose etag W/"582966c1-2ab4e"
25 http GET https://registry.npmjs.org/bower
26 http 200 https://registry.npmjs.org/bower
27 silly registry.get cb [ 200,
27 silly registry.get   { server: 'nginx/1.10.1',
27 silly registry.get     'content-type': 'application/json',
27 silly registry.get     'last-modified': 'Tue, 13 Dec 2016 04:49:48 GMT',
27 silly registry.get     etag: 'W/"584f7dec-2ac26"',
27 silly registry.get     'content-encoding': 'gzip',
27 silly registry.get     'cache-control': 'max-age=300',
27 silly registry.get     'content-length': '16304',
27 silly registry.get     'accept-ranges': 'bytes',
27 silly registry.get     date: 'Tue, 13 Dec 2016 10:04:09 GMT',
27 silly registry.get     via: '1.1 varnish',
27 silly registry.get     age: '253',
27 silly registry.get     connection: 'keep-alive',
27 silly registry.get     'x-served-by': 'cache-lcy1137-LCY',
27 silly registry.get     'x-cache': 'HIT',
27 silly registry.get     'x-cache-hits': '7',
27 silly registry.get     'x-timer': 'S1481623449.629134,VS0,VE0',
27 silly registry.get     vary: 'Accept-Encoding' } ]
28 silly addNameRange number 2 { name: 'bower', range: '*', hasData: true }
29 silly addNameRange versions [ 'bower',
29 silly addNameRange   [ '0.1.0',
29 silly addNameRange     '0.1.2',
29 silly addNameRange     '0.1.3',
29 silly addNameRange     '0.2.0',
29 silly addNameRange     '0.3.0',
29 silly addNameRange     '0.3.1',
29 silly addNameRange     '0.3.2',
29 silly addNameRange     '0.4.0',
29 silly addNameRange     '0.5.0',
29 silly addNameRange     '0.5.1',
29 silly addNameRange     '0.6.0',
29 silly addNameRange     '0.6.1',
29 silly addNameRange     '0.6.2',
29 silly addNameRange     '0.6.3',
29 silly addNameRange     '0.6.4',
29 silly addNameRange     '0.6.5',
29 silly addNameRange     '0.6.6',
29 silly addNameRange     '0.6.7',
29 silly addNameRange     '0.6.8',
29 silly addNameRange     '0.7.0',
29 silly addNameRange     '0.7.1',
29 silly addNameRange     '0.8.0',
29 silly addNameRange     '0.8.1',
29 silly addNameRange     '0.8.2',
29 silly addNameRange     '0.8.3',
29 silly addNameRange     '0.8.4',
29 silly addNameRange     '0.8.5',
29 silly addNameRange     '0.8.6',
29 silly addNameRange     '0.9.0',
29 silly addNameRange     '0.9.1',
29 silly addNameRange     '0.9.2',
29 silly addNameRange     '0.10.0',
29 silly addNameRange     '1.0.0',
29 silly addNameRange     '1.0.1',
29 silly addNameRange     '1.0.2',
29 silly addNameRange     '1.0.3',
29 silly addNameRange     '1.1.0',
29 silly addNameRange     '1.1.1',
29 silly addNameRange     '1.1.2',
29 silly addNameRange     '1.2.0',
29 silly addNameRange     '1.2.1',
29 silly addNameRange     '1.2.2',
29 silly addNameRange     '1.2.3',
29 silly addNameRange     '1.2.4',
29 silly addNameRange     '1.2.5',
29 silly addNameRange     '1.2.6',
29 silly addNameRange     '1.2.7',
29 silly addNameRange     '1.2.8',
29 silly addNameRange     '1.3.0',
29 silly addNameRange     '1.3.1',
29 silly addNameRange     '1.3.2',
29 silly addNameRange     '1.3.3',
29 silly addNameRange     '1.3.4',
29 silly addNameRange     '1.3.5',
29 silly addNameRange     '1.3.6',
29 silly addNameRange     '1.3.7',
29 silly addNameRange     '1.3.8',
29 silly addNameRange     '1.3.9',
29 silly addNameRange     '1.3.10',
29 silly addNameRange     '1.3.11',
29 silly addNameRange     '1.3.12',
29 silly addNameRange     '1.4.0',
29 silly addNameRange     '1.4.1',
29 silly addNameRange     '1.5.0',
29 silly addNameRange     '1.5.1',
29 silly addNameRange     '1.5.2',
29 silly addNameRange     '1.5.3',
29 silly addNameRange     '1.6.2',
29 silly addNameRange     '1.6.3',
29 silly addNameRange     '1.6.4',
29 silly addNameRange     '1.6.5',
29 silly addNameRange     '1.5.4',
29 silly addNameRange     '1.4.2',
29 silly addNameRange     '1.6.6',
29 silly addNameRange     '1.6.7',
29 silly addNameRange     '1.6.8',
29 silly addNameRange     '1.6.9',
29 silly addNameRange     '1.7.0',
29 silly addNameRange     '1.7.1',
29 silly addNameRange     '1.7.2',
29 silly addNameRange     '1.7.5',
29 silly addNameRange     '1.7.6',
29 silly addNameRange     '1.7.7',
29 silly addNameRange     '1.7.8',
29 silly addNameRange     '1.7.9',
29 silly addNameRange     '1.8.0' ] ]
30 verbose addNamed [ 'bower', '1.8.0' ]
31 verbose addNamed [ '1.8.0', '1.8.0' ]
32 silly lockFile 8d20daf9-bower-1-8-0 bower@1.8.0
33 verbose lock bower@1.8.0 /home/cs2developer/.npm/8d20daf9-bower-1-8-0.lock
34 silly lockFile 8d20daf9-bower-1-8-0 bower@1.8.0
35 silly lockFile 8d20daf9-bower-1-8-0 bower@1.8.0
36 silly lockFile 1240aab1-bower bower@
37 silly lockFile 1240aab1-bower bower@
38 silly resolved [ { name: 'bower',
38 silly resolved     version: '1.8.0',
38 silly resolved     description: 'The browser package manager',
38 silly resolved     author: { name: 'Twitter' },
38 silly resolved     license: 'MIT',
38 silly resolved     repository: { type: 'git', url: 'git+https://github.com/bower/bower.git' },
38 silly resolved     main: 'lib',
38 silly resolved     bin: { bower: 'bin/bower' },
38 silly resolved     homepage: 'http://bower.io',
38 silly resolved     engines: { node: '>=0.10.0' },
38 silly resolved     keywords: [ 'bower' ],
38 silly resolved     files: [ 'bin', 'lib' ],
38 silly resolved     bugs: { url: 'https://github.com/bower/bower/issues' },
38 silly resolved     _id: 'bower@1.8.0',
38 silly resolved     scripts: {},
38 silly resolved     _shasum: '55dbebef0ad9155382d9e9d3e497c1372345b44a',
38 silly resolved     _from: 'bower@',
38 silly resolved     _npmVersion: '3.10.9',
38 silly resolved     _nodeVersion: '4.4.6',
38 silly resolved     _npmUser: { name: 'sheerun', email: 'sheerun@sher.pl' },
38 silly resolved     dist:
38 silly resolved      { shasum: '55dbebef0ad9155382d9e9d3e497c1372345b44a',
38 silly resolved        tarball: 'https://registry.npmjs.org/bower/-/bower-1.8.0.tgz' },
38 silly resolved     maintainers:
38 silly resolved      [ [Object],
38 silly resolved        [Object],
38 silly resolved        [Object],
38 silly resolved        [Object],
38 silly resolved        [Object],
38 silly resolved        [Object],
38 silly resolved        [Object] ],
38 silly resolved     _npmOperationalInternal:
38 silly resolved      { host: 'packages-18-east.internal.npmjs.com',
38 silly resolved        tmp: 'tmp/bower-1.8.0.tgz_1478512918020_0.7136248126626015' },
38 silly resolved     directories: {},
38 silly resolved     _resolved: 'https://registry.npmjs.org/bower/-/bower-1.8.0.tgz',
38 silly resolved     readme: 'ERROR: No README data found!' } ]
39 info install bower@1.8.0 into /usr/local/lib
40 info installOne bower@1.8.0
41 verbose lib/node_modules/bower unbuild
42 info preuninstall bower@1.7.9
43 info uninstall bower@1.7.9
44 verbose true,/usr/local/lib/node_modules,/usr/local/lib/node_modules unbuild bower@1.7.9
45 verbose /usr/local/bin,[object Object] binRoot
46 verbose lib/node_modules/bower unbuild
47 info preuninstall bower@1.7.9
48 info uninstall bower@1.7.9
49 verbose true,/usr/local/lib/node_modules,/usr/local/lib/node_modules unbuild bower@1.7.9
50 verbose /usr/local/bin,[object Object] binRoot
51 error error rolling back Error: EACCES, unlink '/usr/local/bin/bower'
51 error error rolling back  bower@1.8.0 { [Error: EACCES, unlink '/usr/local/bin/bower'] errno: 3, code: 'EACCES', path: '/usr/local/bin/bower' }
52 error Error: EACCES, unlink '/usr/local/bin/bower'
52 error  { [Error: EACCES, unlink '/usr/local/bin/bower'] errno: 3, code: 'EACCES', path: '/usr/local/bin/bower' }
53 error Please try running this command again as root/Administrator.
54 error System Linux 3.16.0-4-amd64
55 error command "/usr/bin/nodejs" "/usr/bin/npm" "i" "-g" "bower"
56 error cwd /var/www/vhosts/prototype/www/traffic-team/src
57 error node -v v0.10.29
58 error npm -v 1.4.21
59 error path /usr/local/bin/bower
60 error code EACCES
61 error errno 3
62 error stack Error: EACCES, unlink '/usr/local/bin/bower'
63 verbose exit [ 3, true ]
